2018-11-22 14:07:33.455  INFO 6228 --- [main] c.a.dubbo.common.logger.LoggerFactory    : using logger: com.alibaba.dubbo.common.logger.log4j.Log4jLoggerAdapter
2018-11-22 14:07:33.575  INFO 6228 --- [main] com.gaoxi.user.GaoxiUserApplication      : Starting GaoxiUserApplication on lulh-PC with PID 6228 (F:\zhihui\github\Dubbo_Docker_Jenkins\Gaoxi-User\target\classes started by lulh in F:\zhihui\github\Dubbo_Docker_Jenkins)
2018-11-22 14:07:33.576  INFO 6228 --- [main] com.gaoxi.user.GaoxiUserApplication      : The following profiles are active: test
2018-11-22 14:07:33.734  INFO 6228 --- [main] ationConfigEmbeddedWebApplicationContext : Refreshing org.springframework.boot.context.embedded.AnnotationConfigEmbeddedWebApplicationContext@58594a11: startup date [Thu Nov 22 14:07:33 CST 2018]; root of context hierarchy
2018-11-22 14:07:49.273  INFO 6228 --- [main] trationDelegate$BeanPostProcessorChecker : Bean 'org.springframework.transaction.annotation.ProxyTransactionManagementConfiguration' of type [org.springframework.transaction.annotation.ProxyTransactionManagementConfiguration$$EnhancerBySpringCGLIB$$dd3d44e1] is not eligible for getting processed by all BeanPostProcessors (for example: not eligible for auto-proxying)
2018-11-22 14:07:49.306  INFO 6228 --- [main] trationDelegate$BeanPostProcessorChecker : Bean 'org.springframework.boot.autoconfigure.web.EmbeddedServletContainerAutoConfiguration$EmbeddedTomcat' of type [org.springframework.boot.autoconfigure.web.EmbeddedServletContainerAutoConfiguration$EmbeddedTomcat$$EnhancerBySpringCGLIB$$90c087fd] is not eligible for getting processed by all BeanPostProcessors (for example: not eligible for auto-proxying)
2018-11-22 14:07:49.844  INFO 6228 --- [main] trationDelegate$BeanPostProcessorChecker : Bean 'org.springframework.boot.autoconfigure.websocket.WebSocketAutoConfiguration$TomcatWebSocketConfiguration' of type [org.springframework.boot.autoconfigure.websocket.WebSocketAutoConfiguration$TomcatWebSocketConfiguration$$EnhancerBySpringCGLIB$$c0fc50a] is not eligible for getting processed by all BeanPostProcessors (for example: not eligible for auto-proxying)
2018-11-22 14:07:49.849  INFO 6228 --- [main] trationDelegate$BeanPostProcessorChecker : Bean 'websocketContainerCustomizer' of type [org.springframework.boot.autoconfigure.websocket.TomcatWebSocketContainerCustomizer] is not eligible for getting processed by all BeanPostProcessors (for example: not eligible for auto-proxying)
2018-11-22 14:07:50.179  INFO 6228 --- [main] trationDelegate$BeanPostProcessorChecker : Bean 'spring.http.encoding-org.springframework.boot.autoconfigure.web.HttpEncodingProperties' of type [org.springframework.boot.autoconfigure.web.HttpEncodingProperties] is not eligible for getting processed by all BeanPostProcessors (for example: not eligible for auto-proxying)
2018-11-22 14:07:50.184  INFO 6228 --- [main] trationDelegate$BeanPostProcessorChecker : Bean 'org.springframework.boot.autoconfigure.web.HttpEncodingAutoConfiguration' of type [org.springframework.boot.autoconfigure.web.HttpEncodingAutoConfiguration$$EnhancerBySpringCGLIB$$b429ab8c] is not eligible for getting processed by all BeanPostProcessors (for example: not eligible for auto-proxying)
2018-11-22 14:07:50.196  INFO 6228 --- [main] trationDelegate$BeanPostProcessorChecker : Bean 'localeCharsetMappingsCustomizer' of type [org.springframework.boot.autoconfigure.web.HttpEncodingAutoConfiguration$LocaleCharsetMappingsCustomizer] is not eligible for getting processed by all BeanPostProcessors (for example: not eligible for auto-proxying)
2018-11-22 14:07:50.201  INFO 6228 --- [main] trationDelegate$BeanPostProcessorChecker : Bean 'org.springframework.boot.autoconfigure.web.ServerPropertiesAutoConfiguration' of type [org.springframework.boot.autoconfigure.web.ServerPropertiesAutoConfiguration$$EnhancerBySpringCGLIB$$9392c0b1] is not eligible for getting processed by all BeanPostProcessors (for example: not eligible for auto-proxying)
2018-11-22 14:07:50.216  INFO 6228 --- [main] trationDelegate$BeanPostProcessorChecker : Bean 'serverProperties' of type [org.springframework.boot.autoconfigure.web.ServerProperties] is not eligible for getting processed by all BeanPostProcessors (for example: not eligible for auto-proxying)
2018-11-22 14:07:50.220  INFO 6228 --- [main] trationDelegate$BeanPostProcessorChecker : Bean 'duplicateServerPropertiesDetector' of type [org.springframework.boot.autoconfigure.web.ServerPropertiesAutoConfiguration$DuplicateServerPropertiesDetector] is not eligible for getting processed by all BeanPostProcessors (for example: not eligible for auto-proxying)
2018-11-22 14:07:50.336  INFO 6228 --- [main] trationDelegate$BeanPostProcessorChecker : Bean 'spring.resources-org.springframework.boot.autoconfigure.web.ResourceProperties' of type [org.springframework.boot.autoconfigure.web.ResourceProperties] is not eligible for getting processed by all BeanPostProcessors (for example: not eligible for auto-proxying)
2018-11-22 14:07:50.343  INFO 6228 --- [main] trationDelegate$BeanPostProcessorChecker : Bean 'org.springframework.boot.autoconfigure.web.ErrorMvcAutoConfiguration$DefaultErrorViewResolverConfiguration' of type [org.springframework.boot.autoconfigure.web.ErrorMvcAutoConfiguration$DefaultErrorViewResolverConfiguration$$EnhancerBySpringCGLIB$$9fd55835] is not eligible for getting processed by all BeanPostProcessors (for example: not eligible for auto-proxying)
2018-11-22 14:07:50.352  INFO 6228 --- [main] trationDelegate$BeanPostProcessorChecker : Bean 'conventionErrorViewResolver' of type [org.springframework.boot.autoconfigure.web.DefaultErrorViewResolver] is not eligible for getting processed by all BeanPostProcessors (for example: not eligible for auto-proxying)
2018-11-22 14:07:50.395  INFO 6228 --- [main] trationDelegate$BeanPostProcessorChecker : Bean 'org.springframework.boot.autoconfigure.web.ErrorMvcAutoConfiguration' of type [org.springframework.boot.autoconfigure.web.ErrorMvcAutoConfiguration$$EnhancerBySpringCGLIB$$93384ed5] is not eligible for getting processed by all BeanPostProcessors (for example: not eligible for auto-proxying)
2018-11-22 14:07:50.403  INFO 6228 --- [main] trationDelegate$BeanPostProcessorChecker : Bean 'errorPageCustomizer' of type [org.springframework.boot.autoconfigure.web.ErrorMvcAutoConfiguration$ErrorPageCustomizer] is not eligible for getting processed by all BeanPostProcessors (for example: not eligible for auto-proxying)
2018-11-22 14:07:50.404  INFO 6228 --- [main] trationDelegate$BeanPostProcessorChecker : Bean 'tomcatEmbeddedServletContainerFactory' of type [org.springframework.boot.context.embedded.tomcat.TomcatEmbeddedServletContainerFactory] is not eligible for getting processed by all BeanPostProcessors (for example: not eligible for auto-proxying)
2018-11-22 14:07:51.656  INFO 6228 --- [main] s.b.c.e.t.TomcatEmbeddedServletContainer : Tomcat initialized with port(s): 8080 (http)
2018-11-22 14:07:51.686  INFO 6228 --- [main] o.apache.catalina.core.StandardService   : Starting service [Tomcat]
2018-11-22 14:07:51.687  INFO 6228 --- [main] org.apache.catalina.core.StandardEngine  : Starting Servlet Engine: Apache Tomcat/8.5.23
2018-11-22 14:07:52.003  INFO 6228 --- [localhost-startStop-1] o.a.c.c.C.[Tomcat].[localhost].[/]       : Initializing Spring embedded WebApplicationContext
2018-11-22 14:07:52.003  INFO 6228 --- [localhost-startStop-1] o.s.web.context.ContextLoader            : Root WebApplicationContext: initialization completed in 18272 ms
2018-11-22 14:07:52.034  INFO 6228 --- [localhost-startStop-1] trationDelegate$BeanPostProcessorChecker : Bean 'spring.mvc-org.springframework.boot.autoconfigure.web.WebMvcProperties' of type [org.springframework.boot.autoconfigure.web.WebMvcProperties] is not eligible for getting processed by all BeanPostProcessors (for example: not eligible for auto-proxying)
2018-11-22 14:07:52.042  INFO 6228 --- [localhost-startStop-1] trationDelegate$BeanPostProcessorChecker : Bean 'spring.http.multipart-org.springframework.boot.autoconfigure.web.MultipartProperties' of type [org.springframework.boot.autoconfigure.web.MultipartProperties] is not eligible for getting processed by all BeanPostProcessors (for example: not eligible for auto-proxying)
2018-11-22 14:07:52.050  INFO 6228 --- [localhost-startStop-1] trationDelegate$BeanPostProcessorChecker : Bean 'org.springframework.boot.autoconfigure.web.MultipartAutoConfiguration' of type [org.springframework.boot.autoconfigure.web.MultipartAutoConfiguration$$EnhancerBySpringCGLIB$$97eaf827] is not eligible for getting processed by all BeanPostProcessors (for example: not eligible for auto-proxying)
2018-11-22 14:07:52.057  INFO 6228 --- [localhost-startStop-1] trationDelegate$BeanPostProcessorChecker : Bean 'multipartConfigElement' of type [javax.servlet.MultipartConfigElement] is not eligible for getting processed by all BeanPostProcessors (for example: not eligible for auto-proxying)
2018-11-22 14:07:52.061  INFO 6228 --- [localhost-startStop-1] trationDelegate$BeanPostProcessorChecker : Bean 'org.springframework.boot.autoconfigure.web.DispatcherServletAutoConfiguration$DispatcherServletRegistrationConfiguration' of type [org.springframework.boot.autoconfigure.web.DispatcherServletAutoConfiguration$DispatcherServletRegistrationConfiguration$$EnhancerBySpringCGLIB$$fe92835a] is not eligible for getting processed by all BeanPostProcessors (for example: not eligible for auto-proxying)
2018-11-22 14:07:52.069  INFO 6228 --- [localhost-startStop-1] trationDelegate$BeanPostProcessorChecker : Bean 'org.springframework.boot.autoconfigure.web.DispatcherServletAutoConfiguration$DispatcherServletConfiguration' of type [org.springframework.boot.autoconfigure.web.DispatcherServletAutoConfiguration$DispatcherServletConfiguration$$EnhancerBySpringCGLIB$$83a2f433] is not eligible for getting processed by all BeanPostProcessors (for example: not eligible for auto-proxying)
2018-11-22 14:07:52.136  INFO 6228 --- [localhost-startStop-1] trationDelegate$BeanPostProcessorChecker : Bean 'dispatcherServlet' of type [org.springframework.web.servlet.DispatcherServlet] is not eligible for getting processed by all BeanPostProcessors (for example: not eligible for auto-proxying)
2018-11-22 14:07:52.146  INFO 6228 --- [localhost-startStop-1] trationDelegate$BeanPostProcessorChecker : Bean 'dispatcherServletRegistration' of type [org.springframework.boot.web.servlet.ServletRegistrationBean] is not eligible for getting processed by all BeanPostProcessors (for example: not eligible for auto-proxying)
2018-11-22 14:07:52.169  INFO 6228 --- [localhost-startStop-1] trationDelegate$BeanPostProcessorChecker : Bean 'requestContextFilter' of type [org.springframework.boot.web.filter.OrderedRequestContextFilter] is not eligible for getting processed by all BeanPostProcessors (for example: not eligible for auto-proxying)
2018-11-22 14:07:52.174  INFO 6228 --- [localhost-startStop-1] trationDelegate$BeanPostProcessorChecker : Bean 'org.springframework.boot.autoconfigure.web.WebMvcAutoConfiguration' of type [org.springframework.boot.autoconfigure.web.WebMvcAutoConfiguration$$EnhancerBySpringCGLIB$$4c7a2e21] is not eligible for getting processed by all BeanPostProcessors (for example: not eligible for auto-proxying)
2018-11-22 14:07:52.183  INFO 6228 --- [localhost-startStop-1] trationDelegate$BeanPostProcessorChecker : Bean 'hiddenHttpMethodFilter' of type [org.springframework.boot.web.filter.OrderedHiddenHttpMethodFilter] is not eligible for getting processed by all BeanPostProcessors (for example: not eligible for auto-proxying)
2018-11-22 14:07:52.196  INFO 6228 --- [localhost-startStop-1] trationDelegate$BeanPostProcessorChecker : Bean 'httpPutFormContentFilter' of type [org.springframework.boot.web.filter.OrderedHttpPutFormContentFilter] is not eligible for getting processed by all BeanPostProcessors (for example: not eligible for auto-proxying)
2018-11-22 14:07:52.206  INFO 6228 --- [localhost-startStop-1] trationDelegate$BeanPostProcessorChecker : Bean 'characterEncodingFilter' of type [org.springframework.boot.web.filter.OrderedCharacterEncodingFilter] is not eligible for getting processed by all BeanPostProcessors (for example: not eligible for auto-proxying)
2018-11-22 14:07:52.214  INFO 6228 --- [localhost-startStop-1] o.s.b.w.servlet.ServletRegistrationBean  : Mapping servlet: 'dispatcherServlet' to [/]
2018-11-22 14:07:52.218  INFO 6228 --- [localhost-startStop-1] o.s.b.w.servlet.FilterRegistrationBean   : Mapping filter: 'characterEncodingFilter' to: [/*]
2018-11-22 14:07:52.218  INFO 6228 --- [localhost-startStop-1] o.s.b.w.servlet.FilterRegistrationBean   : Mapping filter: 'hiddenHttpMethodFilter' to: [/*]
2018-11-22 14:07:52.219  INFO 6228 --- [localhost-startStop-1] o.s.b.w.servlet.FilterRegistrationBean   : Mapping filter: 'httpPutFormContentFilter' to: [/*]
2018-11-22 14:07:52.219  INFO 6228 --- [localhost-startStop-1] o.s.b.w.servlet.FilterRegistrationBean   : Mapping filter: 'requestContextFilter' to: [/*]
2018-11-22 14:07:52.270  WARN 6228 --- [main] ationConfigEmbeddedWebApplicationContext : Exception encountered during context initialization - cancelling refresh attempt: org.springframework.beans.factory.UnsatisfiedDependencyException: Error creating bean with name 'org.springframework.boot.autoconfigure.orm.jpa.HibernateJpaAutoConfiguration': Unsatisfied dependency expressed through constructor parameter 0; nested exception is org.springframework.beans.factory.NoSuchBeanDefinitionException: No qualifying bean of type 'javax.sql.DataSource' available: expected at least 1 bean which qualifies as autowire candidate. Dependency annotations: {}
2018-11-22 14:07:52.271  INFO 6228 --- [main] o.apache.catalina.core.StandardService   : Stopping service [Tomcat]
2018-11-22 14:07:52.312  INFO 6228 --- [main] utoConfigurationReportLoggingInitializer : 

Error starting ApplicationContext. To display the auto-configuration report re-run your application with 'debug' enabled.
2018-11-22 14:07:52.758 ERROR 6228 --- [main] o.s.b.d.LoggingFailureAnalysisReporter   : 

***************************
APPLICATION FAILED TO START
***************************

Description:

Parameter 0 of constructor in org.springframework.boot.autoconfigure.orm.jpa.HibernateJpaAutoConfiguration required a bean of type 'javax.sql.DataSource' that could not be found.
	- Bean method 'dataSource' not loaded because @ConditionalOnProperty (spring.datasource.jndi-name) did not find property 'jndi-name'
	- Bean method 'dataSource' not loaded because @ConditionalOnBean (types: org.springframework.boot.jta.XADataSourceWrapper; SearchStrategy: all) did not find any beans


Action:

Consider revisiting the conditions above or defining a bean of type 'javax.sql.DataSource' in your configuration.

2018-11-22 14:08:59.448  INFO 9928 --- [main] c.a.dubbo.common.logger.LoggerFactory    : using logger: com.alibaba.dubbo.common.logger.log4j.Log4jLoggerAdapter
2018-11-22 14:08:59.454  INFO 9928 --- [main] com.gaoxi.user.GaoxiUserApplication      : Starting GaoxiUserApplication on lulh-PC with PID 9928 (F:\zhihui\github\Dubbo_Docker_Jenkins\Gaoxi-User\target\classes started by lulh in F:\zhihui\github\Dubbo_Docker_Jenkins)
2018-11-22 14:08:59.454  INFO 9928 --- [main] com.gaoxi.user.GaoxiUserApplication      : The following profiles are active: test
2018-11-22 14:08:59.497  INFO 9928 --- [main] ationConfigEmbeddedWebApplicationContext : Refreshing org.springframework.boot.context.embedded.AnnotationConfigEmbeddedWebApplicationContext@58594a11: startup date [Thu Nov 22 14:08:59 CST 2018]; root of context hierarchy
2018-11-22 14:09:00.639  INFO 9928 --- [main] trationDelegate$BeanPostProcessorChecker : Bean 'org.springframework.transaction.annotation.ProxyTransactionManagementConfiguration' of type [org.springframework.transaction.annotation.ProxyTransactionManagementConfiguration$$EnhancerBySpringCGLIB$$948d2072] is not eligible for getting processed by all BeanPostProcessors (for example: not eligible for auto-proxying)
2018-11-22 14:09:00.667  INFO 9928 --- [main] trationDelegate$BeanPostProcessorChecker : Bean 'org.springframework.boot.autoconfigure.web.EmbeddedServletContainerAutoConfiguration$EmbeddedTomcat' of type [org.springframework.boot.autoconfigure.web.EmbeddedServletContainerAutoConfiguration$EmbeddedTomcat$$EnhancerBySpringCGLIB$$4810638e] is not eligible for getting processed by all BeanPostProcessors (for example: not eligible for auto-proxying)
2018-11-22 14:09:00.692  INFO 9928 --- [main] trationDelegate$BeanPostProcessorChecker : Bean 'org.springframework.boot.autoconfigure.websocket.WebSocketAutoConfiguration$TomcatWebSocketConfiguration' of type [org.springframework.boot.autoconfigure.websocket.WebSocketAutoConfiguration$TomcatWebSocketConfiguration$$EnhancerBySpringCGLIB$$c35fa09b] is not eligible for getting processed by all BeanPostProcessors (for example: not eligible for auto-proxying)
2018-11-22 14:09:00.698  INFO 9928 --- [main] trationDelegate$BeanPostProcessorChecker : Bean 'websocketContainerCustomizer' of type [org.springframework.boot.autoconfigure.websocket.TomcatWebSocketContainerCustomizer] is not eligible for getting processed by all BeanPostProcessors (for example: not eligible for auto-proxying)
2018-11-22 14:09:00.751  INFO 9928 --- [main] trationDelegate$BeanPostProcessorChecker : Bean 'spring.http.encoding-org.springframework.boot.autoconfigure.web.HttpEncodingProperties' of type [org.springframework.boot.autoconfigure.web.HttpEncodingProperties] is not eligible for getting processed by all BeanPostProcessors (for example: not eligible for auto-proxying)
2018-11-22 14:09:00.755  INFO 9928 --- [main] trationDelegate$BeanPostProcessorChecker : Bean 'org.springframework.boot.autoconfigure.web.HttpEncodingAutoConfiguration' of type [org.springframework.boot.autoconfigure.web.HttpEncodingAutoConfiguration$$EnhancerBySpringCGLIB$$6b79871d] is not eligible for getting processed by all BeanPostProcessors (for example: not eligible for auto-proxying)
2018-11-22 14:09:00.760  INFO 9928 --- [main] trationDelegate$BeanPostProcessorChecker : Bean 'localeCharsetMappingsCustomizer' of type [org.springframework.boot.autoconfigure.web.HttpEncodingAutoConfiguration$LocaleCharsetMappingsCustomizer] is not eligible for getting processed by all BeanPostProcessors (for example: not eligible for auto-proxying)
2018-11-22 14:09:00.764  INFO 9928 --- [main] trationDelegate$BeanPostProcessorChecker : Bean 'org.springframework.boot.autoconfigure.web.ServerPropertiesAutoConfiguration' of type [org.springframework.boot.autoconfigure.web.ServerPropertiesAutoConfiguration$$EnhancerBySpringCGLIB$$4ae29c42] is not eligible for getting processed by all BeanPostProcessors (for example: not eligible for auto-proxying)
2018-11-22 14:09:00.776  INFO 9928 --- [main] trationDelegate$BeanPostProcessorChecker : Bean 'serverProperties' of type [org.springframework.boot.autoconfigure.web.ServerProperties] is not eligible for getting processed by all BeanPostProcessors (for example: not eligible for auto-proxying)
2018-11-22 14:09:00.780  INFO 9928 --- [main] trationDelegate$BeanPostProcessorChecker : Bean 'duplicateServerPropertiesDetector' of type [org.springframework.boot.autoconfigure.web.ServerPropertiesAutoConfiguration$DuplicateServerPropertiesDetector] is not eligible for getting processed by all BeanPostProcessors (for example: not eligible for auto-proxying)
2018-11-22 14:09:00.792  INFO 9928 --- [main] trationDelegate$BeanPostProcessorChecker : Bean 'spring.resources-org.springframework.boot.autoconfigure.web.ResourceProperties' of type [org.springframework.boot.autoconfigure.web.ResourceProperties] is not eligible for getting processed by all BeanPostProcessors (for example: not eligible for auto-proxying)
2018-11-22 14:09:00.797  INFO 9928 --- [main] trationDelegate$BeanPostProcessorChecker : Bean 'org.springframework.boot.autoconfigure.web.ErrorMvcAutoConfiguration$DefaultErrorViewResolverConfiguration' of type [org.springframework.boot.autoconfigure.web.ErrorMvcAutoConfiguration$DefaultErrorViewResolverConfiguration$$EnhancerBySpringCGLIB$$572533c6] is not eligible for getting processed by all BeanPostProcessors (for example: not eligible for auto-proxying)
2018-11-22 14:09:00.804  INFO 9928 --- [main] trationDelegate$BeanPostProcessorChecker : Bean 'conventionErrorViewResolver' of type [org.springframework.boot.autoconfigure.web.DefaultErrorViewResolver] is not eligible for getting processed by all BeanPostProcessors (for example: not eligible for auto-proxying)
2018-11-22 14:09:00.813  INFO 9928 --- [main] trationDelegate$BeanPostProcessorChecker : Bean 'org.springframework.boot.autoconfigure.web.ErrorMvcAutoConfiguration' of type [org.springframework.boot.autoconfigure.web.ErrorMvcAutoConfiguration$$EnhancerBySpringCGLIB$$4a882a66] is not eligible for getting processed by all BeanPostProcessors (for example: not eligible for auto-proxying)
2018-11-22 14:09:00.824  INFO 9928 --- [main] trationDelegate$BeanPostProcessorChecker : Bean 'errorPageCustomizer' of type [org.springframework.boot.autoconfigure.web.ErrorMvcAutoConfiguration$ErrorPageCustomizer] is not eligible for getting processed by all BeanPostProcessors (for example: not eligible for auto-proxying)
2018-11-22 14:09:00.826  INFO 9928 --- [main] trationDelegate$BeanPostProcessorChecker : Bean 'tomcatEmbeddedServletContainerFactory' of type [org.springframework.boot.context.embedded.tomcat.TomcatEmbeddedServletContainerFactory] is not eligible for getting processed by all BeanPostProcessors (for example: not eligible for auto-proxying)
2018-11-22 14:09:00.947  INFO 9928 --- [main] s.b.c.e.t.TomcatEmbeddedServletContainer : Tomcat initialized with port(s): 8080 (http)
2018-11-22 14:09:00.958  INFO 9928 --- [main] o.apache.catalina.core.StandardService   : Starting service [Tomcat]
2018-11-22 14:09:00.959  INFO 9928 --- [main] org.apache.catalina.core.StandardEngine  : Starting Servlet Engine: Apache Tomcat/8.5.23
2018-11-22 14:09:01.144  INFO 9928 --- [localhost-startStop-1] o.a.c.c.C.[Tomcat].[localhost].[/]       : Initializing Spring embedded WebApplicationContext
2018-11-22 14:09:01.144  INFO 9928 --- [localhost-startStop-1] o.s.web.context.ContextLoader            : Root WebApplicationContext: initialization completed in 1650 ms
2018-11-22 14:09:01.159  INFO 9928 --- [localhost-startStop-1] trationDelegate$BeanPostProcessorChecker : Bean 'spring.mvc-org.springframework.boot.autoconfigure.web.WebMvcProperties' of type [org.springframework.boot.autoconfigure.web.WebMvcProperties] is not eligible for getting processed by all BeanPostProcessors (for example: not eligible for auto-proxying)
2018-11-22 14:09:01.165  INFO 9928 --- [localhost-startStop-1] trationDelegate$BeanPostProcessorChecker : Bean 'spring.http.multipart-org.springframework.boot.autoconfigure.web.MultipartProperties' of type [org.springframework.boot.autoconfigure.web.MultipartProperties] is not eligible for getting processed by all BeanPostProcessors (for example: not eligible for auto-proxying)
2018-11-22 14:09:01.172  INFO 9928 --- [localhost-startStop-1] trationDelegate$BeanPostProcessorChecker : Bean 'org.springframework.boot.autoconfigure.web.MultipartAutoConfiguration' of type [org.springframework.boot.autoconfigure.web.MultipartAutoConfiguration$$EnhancerBySpringCGLIB$$4f3ad3b8] is not eligible for getting processed by all BeanPostProcessors (for example: not eligible for auto-proxying)
2018-11-22 14:09:01.177  INFO 9928 --- [localhost-startStop-1] trationDelegate$BeanPostProcessorChecker : Bean 'multipartConfigElement' of type [javax.servlet.MultipartConfigElement] is not eligible for getting processed by all BeanPostProcessors (for example: not eligible for auto-proxying)
2018-11-22 14:09:01.182  INFO 9928 --- [localhost-startStop-1] trationDelegate$BeanPostProcessorChecker : Bean 'org.springframework.boot.autoconfigure.web.DispatcherServletAutoConfiguration$DispatcherServletRegistrationConfiguration' of type [org.springframework.boot.autoconfigure.web.DispatcherServletAutoConfiguration$DispatcherServletRegistrationConfiguration$$EnhancerBySpringCGLIB$$b5e25eeb] is not eligible for getting processed by all BeanPostProcessors (for example: not eligible for auto-proxying)
2018-11-22 14:09:01.190  INFO 9928 --- [localhost-startStop-1] trationDelegate$BeanPostProcessorChecker : Bean 'org.springframework.boot.autoconfigure.web.DispatcherServletAutoConfiguration$DispatcherServletConfiguration' of type [org.springframework.boot.autoconfigure.web.DispatcherServletAutoConfiguration$DispatcherServletConfiguration$$EnhancerBySpringCGLIB$$3af2cfc4] is not eligible for getting processed by all BeanPostProcessors (for example: not eligible for auto-proxying)
2018-11-22 14:09:01.212  INFO 9928 --- [localhost-startStop-1] trationDelegate$BeanPostProcessorChecker : Bean 'dispatcherServlet' of type [org.springframework.web.servlet.DispatcherServlet] is not eligible for getting processed by all BeanPostProcessors (for example: not eligible for auto-proxying)
2018-11-22 14:09:01.221  INFO 9928 --- [localhost-startStop-1] trationDelegate$BeanPostProcessorChecker : Bean 'dispatcherServletRegistration' of type [org.springframework.boot.web.servlet.ServletRegistrationBean] is not eligible for getting processed by all BeanPostProcessors (for example: not eligible for auto-proxying)
2018-11-22 14:09:01.238  INFO 9928 --- [localhost-startStop-1] trationDelegate$BeanPostProcessorChecker : Bean 'requestContextFilter' of type [org.springframework.boot.web.filter.OrderedRequestContextFilter] is not eligible for getting processed by all BeanPostProcessors (for example: not eligible for auto-proxying)
2018-11-22 14:09:01.243  INFO 9928 --- [localhost-startStop-1] trationDelegate$BeanPostProcessorChecker : Bean 'org.springframework.boot.autoconfigure.web.WebMvcAutoConfiguration' of type [org.springframework.boot.autoconfigure.web.WebMvcAutoConfiguration$$EnhancerBySpringCGLIB$$3ca09b2] is not eligible for getting processed by all BeanPostProcessors (for example: not eligible for auto-proxying)
2018-11-22 14:09:01.255  INFO 9928 --- [localhost-startStop-1] trationDelegate$BeanPostProcessorChecker : Bean 'hiddenHttpMethodFilter' of type [org.springframework.boot.web.filter.OrderedHiddenHttpMethodFilter] is not eligible for getting processed by all BeanPostProcessors (for example: not eligible for auto-proxying)
2018-11-22 14:09:01.267  INFO 9928 --- [localhost-startStop-1] trationDelegate$BeanPostProcessorChecker : Bean 'httpPutFormContentFilter' of type [org.springframework.boot.web.filter.OrderedHttpPutFormContentFilter] is not eligible for getting processed by all BeanPostProcessors (for example: not eligible for auto-proxying)
2018-11-22 14:09:01.276  INFO 9928 --- [localhost-startStop-1] trationDelegate$BeanPostProcessorChecker : Bean 'characterEncodingFilter' of type [org.springframework.boot.web.filter.OrderedCharacterEncodingFilter] is not eligible for getting processed by all BeanPostProcessors (for example: not eligible for auto-proxying)
2018-11-22 14:09:01.282  INFO 9928 --- [localhost-startStop-1] o.s.b.w.servlet.ServletRegistrationBean  : Mapping servlet: 'dispatcherServlet' to [/]
2018-11-22 14:09:01.286  INFO 9928 --- [localhost-startStop-1] o.s.b.w.servlet.FilterRegistrationBean   : Mapping filter: 'characterEncodingFilter' to: [/*]
2018-11-22 14:09:01.287  INFO 9928 --- [localhost-startStop-1] o.s.b.w.servlet.FilterRegistrationBean   : Mapping filter: 'hiddenHttpMethodFilter' to: [/*]
2018-11-22 14:09:01.287  INFO 9928 --- [localhost-startStop-1] o.s.b.w.servlet.FilterRegistrationBean   : Mapping filter: 'httpPutFormContentFilter' to: [/*]
2018-11-22 14:09:01.287  INFO 9928 --- [localhost-startStop-1] o.s.b.w.servlet.FilterRegistrationBean   : Mapping filter: 'requestContextFilter' to: [/*]
2018-11-22 14:09:01.309  WARN 9928 --- [main] ationConfigEmbeddedWebApplicationContext : Exception encountered during context initialization - cancelling refresh attempt: org.springframework.beans.factory.UnsatisfiedDependencyException: Error creating bean with name 'org.springframework.boot.autoconfigure.orm.jpa.HibernateJpaAutoConfiguration': Unsatisfied dependency expressed through constructor parameter 0; nested exception is org.springframework.beans.factory.NoSuchBeanDefinitionException: No qualifying bean of type 'javax.sql.DataSource' available: expected at least 1 bean which qualifies as autowire candidate. Dependency annotations: {}
2018-11-22 14:09:01.310  INFO 9928 --- [main] o.apache.catalina.core.StandardService   : Stopping service [Tomcat]
2018-11-22 14:09:01.323  INFO 9928 --- [main] utoConfigurationReportLoggingInitializer : 

Error starting ApplicationContext. To display the auto-configuration report re-run your application with 'debug' enabled.
2018-11-22 14:09:01.403 ERROR 9928 --- [main] o.s.b.d.LoggingFailureAnalysisReporter   : 

***************************
APPLICATION FAILED TO START
***************************

Description:

Parameter 0 of constructor in org.springframework.boot.autoconfigure.orm.jpa.HibernateJpaAutoConfiguration required a bean of type 'javax.sql.DataSource' that could not be found.
	- Bean method 'dataSource' not loaded because @ConditionalOnProperty (spring.datasource.jndi-name) did not find property 'jndi-name'
	- Bean method 'dataSource' not loaded because @ConditionalOnBean (types: org.springframework.boot.jta.XADataSourceWrapper; SearchStrategy: all) did not find any beans


Action:

Consider revisiting the conditions above or defining a bean of type 'javax.sql.DataSource' in your configuration.

2018-11-22 14:12:30.840  INFO 12888 --- [main] c.a.dubbo.common.logger.LoggerFactory    : using logger: com.alibaba.dubbo.common.logger.log4j.Log4jLoggerAdapter
2018-11-22 14:12:31.025  INFO 12888 --- [main] com.gaoxi.user.GaoxiUserApplication      : Starting GaoxiUserApplication on lulh-PC with PID 12888 (F:\zhihui\github\Dubbo_Docker_Jenkins\Gaoxi-User\target\classes started by lulh in F:\zhihui\github\Dubbo_Docker_Jenkins)
2018-11-22 14:12:31.027  INFO 12888 --- [main] com.gaoxi.user.GaoxiUserApplication      : The following profiles are active: test
2018-11-22 14:12:31.310  INFO 12888 --- [main] ationConfigEmbeddedWebApplicationContext : Refreshing org.springframework.boot.context.embedded.AnnotationConfigEmbeddedWebApplicationContext@58594a11: startup date [Thu Nov 22 14:12:31 CST 2018]; root of context hierarchy
2018-11-22 14:12:34.032  INFO 12888 --- [main] trationDelegate$BeanPostProcessorChecker : Bean 'org.springframework.transaction.annotation.ProxyTransactionManagementConfiguration' of type [org.springframework.transaction.annotation.ProxyTransactionManagementConfiguration$$EnhancerBySpringCGLIB$$cf097989] is not eligible for getting processed by all BeanPostProcessors (for example: not eligible for auto-proxying)
2018-11-22 14:12:34.070  INFO 12888 --- [main] trationDelegate$BeanPostProcessorChecker : Bean 'org.springframework.boot.autoconfigure.web.EmbeddedServletContainerAutoConfiguration$EmbeddedTomcat' of type [org.springframework.boot.autoconfigure.web.EmbeddedServletContainerAutoConfiguration$EmbeddedTomcat$$EnhancerBySpringCGLIB$$828cbca5] is not eligible for getting processed by all BeanPostProcessors (for example: not eligible for auto-proxying)
2018-11-22 14:12:34.742  INFO 12888 --- [main] trationDelegate$BeanPostProcessorChecker : Bean 'org.springframework.boot.autoconfigure.websocket.WebSocketAutoConfiguration$TomcatWebSocketConfiguration' of type [org.springframework.boot.autoconfigure.websocket.WebSocketAutoConfiguration$TomcatWebSocketConfiguration$$EnhancerBySpringCGLIB$$fddbf9b2] is not eligible for getting processed by all BeanPostProcessors (for example: not eligible for auto-proxying)
2018-11-22 14:12:34.748  INFO 12888 --- [main] trationDelegate$BeanPostProcessorChecker : Bean 'websocketContainerCustomizer' of type [org.springframework.boot.autoconfigure.websocket.TomcatWebSocketContainerCustomizer] is not eligible for getting processed by all BeanPostProcessors (for example: not eligible for auto-proxying)
2018-11-22 14:12:34.816  INFO 12888 --- [main] trationDelegate$BeanPostProcessorChecker : Bean 'spring.http.encoding-org.springframework.boot.autoconfigure.web.HttpEncodingProperties' of type [org.springframework.boot.autoconfigure.web.HttpEncodingProperties] is not eligible for getting processed by all BeanPostProcessors (for example: not eligible for auto-proxying)
2018-11-22 14:12:34.821  INFO 12888 --- [main] trationDelegate$BeanPostProcessorChecker : Bean 'org.springframework.boot.autoconfigure.web.HttpEncodingAutoConfiguration' of type [org.springframework.boot.autoconfigure.web.HttpEncodingAutoConfiguration$$EnhancerBySpringCGLIB$$a5f5e034] is not eligible for getting processed by all BeanPostProcessors (for example: not eligible for auto-proxying)
2018-11-22 14:12:34.827  INFO 12888 --- [main] trationDelegate$BeanPostProcessorChecker : Bean 'localeCharsetMappingsCustomizer' of type [org.springframework.boot.autoconfigure.web.HttpEncodingAutoConfiguration$LocaleCharsetMappingsCustomizer] is not eligible for getting processed by all BeanPostProcessors (for example: not eligible for auto-proxying)
2018-11-22 14:12:34.832  INFO 12888 --- [main] trationDelegate$BeanPostProcessorChecker : Bean 'org.springframework.boot.autoconfigure.web.ServerPropertiesAutoConfiguration' of type [org.springframework.boot.autoconfigure.web.ServerPropertiesAutoConfiguration$$EnhancerBySpringCGLIB$$855ef559] is not eligible for getting processed by all BeanPostProcessors (for example: not eligible for auto-proxying)
2018-11-22 14:12:34.849  INFO 12888 --- [main] trationDelegate$BeanPostProcessorChecker : Bean 'serverProperties' of type [org.springframework.boot.autoconfigure.web.ServerProperties] is not eligible for getting processed by all BeanPostProcessors (for example: not eligible for auto-proxying)
2018-11-22 14:12:34.855  INFO 12888 --- [main] trationDelegate$BeanPostProcessorChecker : Bean 'duplicateServerPropertiesDetector' of type [org.springframework.boot.autoconfigure.web.ServerPropertiesAutoConfiguration$DuplicateServerPropertiesDetector] is not eligible for getting processed by all BeanPostProcessors (for example: not eligible for auto-proxying)
2018-11-22 14:12:34.871  INFO 12888 --- [main] trationDelegate$BeanPostProcessorChecker : Bean 'spring.resources-org.springframework.boot.autoconfigure.web.ResourceProperties' of type [org.springframework.boot.autoconfigure.web.ResourceProperties] is not eligible for getting processed by all BeanPostProcessors (for example: not eligible for auto-proxying)
2018-11-22 14:12:34.876  INFO 12888 --- [main] trationDelegate$BeanPostProcessorChecker : Bean 'org.springframework.boot.autoconfigure.web.ErrorMvcAutoConfiguration$DefaultErrorViewResolverConfiguration' of type [org.springframework.boot.autoconfigure.web.ErrorMvcAutoConfiguration$DefaultErrorViewResolverConfiguration$$EnhancerBySpringCGLIB$$91a18cdd] is not eligible for getting processed by all BeanPostProcessors (for example: not eligible for auto-proxying)
2018-11-22 14:12:34.886  INFO 12888 --- [main] trationDelegate$BeanPostProcessorChecker : Bean 'conventionErrorViewResolver' of type [org.springframework.boot.autoconfigure.web.DefaultErrorViewResolver] is not eligible for getting processed by all BeanPostProcessors (for example: not eligible for auto-proxying)
2018-11-22 14:12:34.896  INFO 12888 --- [main] trationDelegate$BeanPostProcessorChecker : Bean 'org.springframework.boot.autoconfigure.web.ErrorMvcAutoConfiguration' of type [org.springframework.boot.autoconfigure.web.ErrorMvcAutoConfiguration$$EnhancerBySpringCGLIB$$8504837d] is not eligible for getting processed by all BeanPostProcessors (for example: not eligible for auto-proxying)
2018-11-22 14:12:34.903  INFO 12888 --- [main] trationDelegate$BeanPostProcessorChecker : Bean 'errorPageCustomizer' of type [org.springframework.boot.autoconfigure.web.ErrorMvcAutoConfiguration$ErrorPageCustomizer] is not eligible for getting processed by all BeanPostProcessors (for example: not eligible for auto-proxying)
2018-11-22 14:12:34.903  INFO 12888 --- [main] trationDelegate$BeanPostProcessorChecker : Bean 'tomcatEmbeddedServletContainerFactory' of type [org.springframework.boot.context.embedded.tomcat.TomcatEmbeddedServletContainerFactory] is not eligible for getting processed by all BeanPostProcessors (for example: not eligible for auto-proxying)
2018-11-22 14:12:36.785  INFO 12888 --- [main] s.b.c.e.t.TomcatEmbeddedServletContainer : Tomcat initialized with port(s): 8070 (http)
2018-11-22 14:12:36.822  INFO 12888 --- [main] o.apache.catalina.core.StandardService   : Starting service [Tomcat]
2018-11-22 14:12:36.873  INFO 12888 --- [main] org.apache.catalina.core.StandardEngine  : Starting Servlet Engine: Apache Tomcat/8.5.23
2018-11-22 14:12:37.887  INFO 12888 --- [localhost-startStop-1] o.a.c.c.C.[Tomcat].[localhost].[/]       : Initializing Spring embedded WebApplicationContext
2018-11-22 14:12:37.888  INFO 12888 --- [localhost-startStop-1] o.s.web.context.ContextLoader            : Root WebApplicationContext: initialization completed in 6633 ms
2018-11-22 14:12:37.911  INFO 12888 --- [localhost-startStop-1] trationDelegate$BeanPostProcessorChecker : Bean 'spring.mvc-org.springframework.boot.autoconfigure.web.WebMvcProperties' of type [org.springframework.boot.autoconfigure.web.WebMvcProperties] is not eligible for getting processed by all BeanPostProcessors (for example: not eligible for auto-proxying)
2018-11-22 14:12:37.916  INFO 12888 --- [localhost-startStop-1] trationDelegate$BeanPostProcessorChecker : Bean 'spring.http.multipart-org.springframework.boot.autoconfigure.web.MultipartProperties' of type [org.springframework.boot.autoconfigure.web.MultipartProperties] is not eligible for getting processed by all BeanPostProcessors (for example: not eligible for auto-proxying)
2018-11-22 14:12:37.921  INFO 12888 --- [localhost-startStop-1] trationDelegate$BeanPostProcessorChecker : Bean 'org.springframework.boot.autoconfigure.web.MultipartAutoConfiguration' of type [org.springframework.boot.autoconfigure.web.MultipartAutoConfiguration$$EnhancerBySpringCGLIB$$89b72ccf] is not eligible for getting processed by all BeanPostProcessors (for example: not eligible for auto-proxying)
2018-11-22 14:12:37.926  INFO 12888 --- [localhost-startStop-1] trationDelegate$BeanPostProcessorChecker : Bean 'multipartConfigElement' of type [javax.servlet.MultipartConfigElement] is not eligible for getting processed by all BeanPostProcessors (for example: not eligible for auto-proxying)
2018-11-22 14:12:37.930  INFO 12888 --- [localhost-startStop-1] trationDelegate$BeanPostProcessorChecker : Bean 'org.springframework.boot.autoconfigure.web.DispatcherServletAutoConfiguration$DispatcherServletRegistrationConfiguration' of type [org.springframework.boot.autoconfigure.web.DispatcherServletAutoConfiguration$DispatcherServletRegistrationConfiguration$$EnhancerBySpringCGLIB$$f05eb802] is not eligible for getting processed by all BeanPostProcessors (for example: not eligible for auto-proxying)
2018-11-22 14:12:37.938  INFO 12888 --- [localhost-startStop-1] trationDelegate$BeanPostProcessorChecker : Bean 'org.springframework.boot.autoconfigure.web.DispatcherServletAutoConfiguration$DispatcherServletConfiguration' of type [org.springframework.boot.autoconfigure.web.DispatcherServletAutoConfiguration$DispatcherServletConfiguration$$EnhancerBySpringCGLIB$$756f28db] is not eligible for getting processed by all BeanPostProcessors (for example: not eligible for auto-proxying)
2018-11-22 14:12:37.961  INFO 12888 --- [localhost-startStop-1] trationDelegate$BeanPostProcessorChecker : Bean 'dispatcherServlet' of type [org.springframework.web.servlet.DispatcherServlet] is not eligible for getting processed by all BeanPostProcessors (for example: not eligible for auto-proxying)
2018-11-22 14:12:37.969  INFO 12888 --- [localhost-startStop-1] trationDelegate$BeanPostProcessorChecker : Bean 'dispatcherServletRegistration' of type [org.springframework.boot.web.servlet.ServletRegistrationBean] is not eligible for getting processed by all BeanPostProcessors (for example: not eligible for auto-proxying)
2018-11-22 14:12:37.983  INFO 12888 --- [localhost-startStop-1] trationDelegate$BeanPostProcessorChecker : Bean 'requestContextFilter' of type [org.springframework.boot.web.filter.OrderedRequestContextFilter] is not eligible for getting processed by all BeanPostProcessors (for example: not eligible for auto-proxying)
2018-11-22 14:12:37.987  INFO 12888 --- [localhost-startStop-1] trationDelegate$BeanPostProcessorChecker : Bean 'org.springframework.boot.autoconfigure.web.WebMvcAutoConfiguration' of type [org.springframework.boot.autoconfigure.web.WebMvcAutoConfiguration$$EnhancerBySpringCGLIB$$3e4662c9] is not eligible for getting processed by all BeanPostProcessors (for example: not eligible for auto-proxying)
2018-11-22 14:12:37.997  INFO 12888 --- [localhost-startStop-1] trationDelegate$BeanPostProcessorChecker : Bean 'hiddenHttpMethodFilter' of type [org.springframework.boot.web.filter.OrderedHiddenHttpMethodFilter] is not eligible for getting processed by all BeanPostProcessors (for example: not eligible for auto-proxying)
2018-11-22 14:12:38.008  INFO 12888 --- [localhost-startStop-1] trationDelegate$BeanPostProcessorChecker : Bean 'httpPutFormContentFilter' of type [org.springframework.boot.web.filter.OrderedHttpPutFormContentFilter] is not eligible for getting processed by all BeanPostProcessors (for example: not eligible for auto-proxying)
2018-11-22 14:12:38.016  INFO 12888 --- [localhost-startStop-1] trationDelegate$BeanPostProcessorChecker : Bean 'characterEncodingFilter' of type [org.springframework.boot.web.filter.OrderedCharacterEncodingFilter] is not eligible for getting processed by all BeanPostProcessors (for example: not eligible for auto-proxying)
2018-11-22 14:12:38.025  INFO 12888 --- [localhost-startStop-1] o.s.b.w.servlet.ServletRegistrationBean  : Mapping servlet: 'dispatcherServlet' to [/]
2018-11-22 14:12:38.028  INFO 12888 --- [localhost-startStop-1] o.s.b.w.servlet.FilterRegistrationBean   : Mapping filter: 'characterEncodingFilter' to: [/*]
2018-11-22 14:12:38.029  INFO 12888 --- [localhost-startStop-1] o.s.b.w.servlet.FilterRegistrationBean   : Mapping filter: 'hiddenHttpMethodFilter' to: [/*]
2018-11-22 14:12:38.029  INFO 12888 --- [localhost-startStop-1] o.s.b.w.servlet.FilterRegistrationBean   : Mapping filter: 'httpPutFormContentFilter' to: [/*]
2018-11-22 14:12:38.029  INFO 12888 --- [localhost-startStop-1] o.s.b.w.servlet.FilterRegistrationBean   : Mapping filter: 'requestContextFilter' to: [/*]
2018-11-22 14:12:38.243  WARN 12888 --- [main] ationConfigEmbeddedWebApplicationContext : Exception encountered during context initialization - cancelling refresh attempt: org.springframework.beans.factory.UnsatisfiedDependencyException: Error creating bean with name 'org.springframework.boot.autoconfigure.orm.jpa.HibernateJpaAutoConfiguration': Unsatisfied dependency expressed through constructor parameter 0; nested exception is org.springframework.beans.factory.NoSuchBeanDefinitionException: No qualifying bean of type 'javax.sql.DataSource' available: expected at least 1 bean which qualifies as autowire candidate. Dependency annotations: {}
2018-11-22 14:12:38.244  INFO 12888 --- [main] o.apache.catalina.core.StandardService   : Stopping service [Tomcat]
2018-11-22 14:12:38.792  INFO 12888 --- [main] utoConfigurationReportLoggingInitializer : 

Error starting ApplicationContext. To display the auto-configuration report re-run your application with 'debug' enabled.
2018-11-22 14:12:38.891 ERROR 12888 --- [main] o.s.b.d.LoggingFailureAnalysisReporter   : 

***************************
APPLICATION FAILED TO START
***************************

Description:

Parameter 0 of constructor in org.springframework.boot.autoconfigure.orm.jpa.HibernateJpaAutoConfiguration required a bean of type 'javax.sql.DataSource' that could not be found.
	- Bean method 'dataSource' not loaded because @ConditionalOnProperty (spring.datasource.jndi-name) did not find property 'jndi-name'
	- Bean method 'dataSource' not loaded because @ConditionalOnBean (types: org.springframework.boot.jta.XADataSourceWrapper; SearchStrategy: all) did not find any beans


Action:

Consider revisiting the conditions above or defining a bean of type 'javax.sql.DataSource' in your configuration.

